<?xml version="1.0" encoding="UTF-8"?>
<testng-results skipped="0" failed="0" ignored="0" total="1" passed="1">
  <reporter-output>
  </reporter-output>
  <suite name="Default suite" duration-ms="90065" started-at="2018-09-17T15:10:25Z" finished-at="2018-09-17T15:11:55Z">
    <groups>
    </groups>
    <test name="Default test" duration-ms="90065" started-at="2018-09-17T15:10:25Z" finished-at="2018-09-17T15:11:55Z">
      <class name="COM.TESTNG.create_customer">
        <test-method status="PASS" signature="ActitimeApp()[pri:0, instance:COM.TESTNG.create_customer@1f57539]" name="ActitimeApp" is-config="true" duration-ms="23579" started-at="2018-09-17T15:10:25Z" finished-at="2018-09-17T15:10:49Z">
          <reporter-output>
          </reporter-output>
        </test-method> <!-- ActitimeApp -->
        <test-method status="PASS" signature="createcustomeractitime()[pri:0, instance:COM.TESTNG.create_customer@1f57539]" name="createcustomeractitime" duration-ms="66281" started-at="2018-09-17T15:10:49Z" finished-at="2018-09-17T15:11:55Z">
          <reporter-output>
          </reporter-output>
        </test-method> <!-- createcustomeractitime -->
        <test-method status="PASS" signature="closeApp()[pri:0, instance:COM.TESTNG.create_customer@1f57539]" name="closeApp" is-config="true" duration-ms="53" started-at="2018-09-17T15:11:55Z" finished-at="2018-09-17T15:11:55Z">
          <reporter-output>
          </reporter-output>
        </test-method> <!-- closeApp -->
      </class> <!-- COM.TESTNG.create_customer -->
    </test> <!-- Default test -->
  </suite> <!-- Default suite -->
</testng-results>
